#
# There is insufficient memory for the Java Runtime Environment to continue.
# Native memory allocation (malloc) failed to allocate 2097152 bytes for AllocateHeap
# Possible reasons:
#   The system is out of physical RAM or swap space
#   The process is running with CompressedOops enabled, and the Java Heap may be blocking the growth of the native heap
# Possible solutions:
#   Reduce memory load on the system
#   Increase physical memory or swap space
#   Check if swap backing store is full
#   Decrease Java heap size (-Xmx/-Xms)
#   Decrease number of Java threads
#   Decrease Java thread stack sizes (-Xss)
#   Set larger code cache with -XX:ReservedCodeCacheSize=
#   JVM is running with Unscaled Compressed Oops mode in which the Java heap is
#     placed in the first 4GB address space. The Java Heap base address is the
#     maximum limit for the native heap growth. Please use -XX:HeapBaseMinAddress
#     to set the Java Heap base and to place the Java Heap above 4GB virtual address.
# This output file may be truncated or incomplete.
#
#  Out of Memory Error (allocation.cpp:44), pid=9076, tid=3156
#
# JRE version: OpenJDK Runtime Environment Temurin-17.0.7+7 (17.0.7+7) (build 17.0.7+7)
# Java VM: OpenJDK 64-Bit Server VM Temurin-17.0.7+7 (17.0.7+7, mixed mode, emulated-client, tiered, compressed oops, compressed class ptrs, g1 gc, windows-amd64)
# No core dump will be written. Minidumps are not enabled by default on client versions of Windows
#

---------------  S U M M A R Y ------------

Command Line: -XX:+HeapDumpOnOutOfMemoryError -Xmx1024m -Dsts.lsp.client=vscode -Dsts.log.file=/dev/null -XX:TieredStopAtLevel=1 -Xlog:jni+resolve=off -Dspring.config.location=file:c:\Users\1020491006\.vscode\extensions\vmware.vscode-spring-boot-1.47.0\language-server\BOOT-INF\classes\application.properties org.springframework.ide.vscode.boot.app.BootLanguageServerBootApp

Host: Intel(R) Core(TM) i5-10210U CPU @ 1.60GHz, 8 cores, 7G,  Windows 10 , 64 bit Build 19041 (10.0.19041.1151)
Time: Thu Jul  6 03:12:08 2023 Hora est. Pacífico, Sudamérica elapsed time: 3158.703059 seconds (0d 0h 52m 38s)

---------------  T H R E A D  ---------------

Current thread (0x0000019f7fedd150):  VMThread "VM Thread" [stack: 0x000000568a100000,0x000000568a200000] [id=3156]

Stack: [0x000000568a100000,0x000000568a200000]
Native frames: (J=compiled Java code, j=interpreted, Vv=VM code, C=native code)
V  [jvm.dll+0x67754a]
V  [jvm.dll+0x834304]
V  [jvm.dll+0x835aae]
V  [jvm.dll+0x836113]
V  [jvm.dll+0x24696f]
V  [jvm.dll+0xa681f]
V  [jvm.dll+0x2f7481]
V  [jvm.dll+0x2f30f0]
V  [jvm.dll+0x2db6c7]
V  [jvm.dll+0x31e777]
V  [jvm.dll+0x83a5bb]
V  [jvm.dll+0x83b2f4]
V  [jvm.dll+0x83b80c]
V  [jvm.dll+0x83bbe4]
V  [jvm.dll+0x83bcb0]
V  [jvm.dll+0x7e4e7a]
V  [jvm.dll+0x676395]
C  [ucrtbase.dll+0x21bb2]
C  [KERNEL32.DLL+0x17034]
C  [ntdll.dll+0x52651]

VM_Operation (0x000000568bafe960): G1CollectFull, mode: safepoint, requested by thread 0x0000019f7ff330d0


---------------  P R O C E S S  ---------------

Threads class SMR info:
_java_thread_list=0x0000019f0b6a1f50, length=17, elements={
0x0000019f7fef5740, 0x0000019f7fef6ce0, 0x0000019f7ff282b0, 0x0000019f7ff28b70,
0x0000019f7ff2ee00, 0x0000019f7ff300b0, 0x0000019f7ff34a70, 0x0000019f0a128490,
0x0000019f7ff2fbe0, 0x0000019f7ff30580, 0x0000019f7ff31d90, 0x0000019f7ff32260,
0x0000019f7ff330d0, 0x0000019f7ff30a50, 0x0000019f7ff32c00, 0x0000019f7ff2f710,
0x0000019f7ff32730
}

Java Threads: ( => current thread )
  0x0000019f7fef5740 JavaThread "Reference Handler" daemon [_thread_blocked, id=6432, stack(0x000000568a200000,0x000000568a300000)]
  0x0000019f7fef6ce0 JavaThread "Finalizer" daemon [_thread_blocked, id=21380, stack(0x000000568a300000,0x000000568a400000)]
  0x0000019f7ff282b0 JavaThread "Signal Dispatcher" daemon [_thread_blocked, id=6928, stack(0x000000568a400000,0x000000568a500000)]
  0x0000019f7ff28b70 JavaThread "Attach Listener" daemon [_thread_blocked, id=17376, stack(0x000000568a500000,0x000000568a600000)]
  0x0000019f7ff2ee00 JavaThread "Service Thread" daemon [_thread_blocked, id=14840, stack(0x000000568a600000,0x000000568a700000)]
  0x0000019f7ff300b0 JavaThread "Monitor Deflation Thread" daemon [_thread_blocked, id=4636, stack(0x000000568a700000,0x000000568a800000)]
  0x0000019f7ff34a70 JavaThread "C1 CompilerThread0" daemon [_thread_blocked, id=11344, stack(0x000000568a800000,0x000000568a900000)]
  0x0000019f0a128490 JavaThread "Sweeper thread" daemon [_thread_blocked, id=16916, stack(0x000000568a900000,0x000000568aa00000)]
  0x0000019f7ff2fbe0 JavaThread "Notification Thread" daemon [_thread_blocked, id=20216, stack(0x000000568ac00000,0x000000568ad00000)]
  0x0000019f7ff30580 JavaThread "Common-Cleaner" daemon [_thread_blocked, id=21192, stack(0x000000568ae00000,0x000000568af00000)]
  0x0000019f7ff31d90 JavaThread "boundedElastic-evictor-1" daemon [_thread_blocked, id=5848, stack(0x000000568b600000,0x000000568b700000)]
  0x0000019f7ff32260 JavaThread "boundedElastic-evictor-2" daemon [_thread_blocked, id=14820, stack(0x000000568b900000,0x000000568ba00000)]
  0x0000019f7ff330d0 JavaThread "pool-10-thread-1" [_thread_blocked, id=21800, stack(0x000000568ba00000,0x000000568bb00000)]
  0x0000019f7ff30a50 JavaThread "LanguageServerApp-lifecycle" [_thread_blocked, id=1584, stack(0x000000568bb00000,0x000000568bc00000)]
  0x0000019f7ff32c00 JavaThread "DestroyJavaVM" [_thread_blocked, id=10684, stack(0x0000005689b00000,0x0000005689c00000)]
  0x0000019f7ff2f710 JavaThread "pool-11-thread-1" [_thread_in_native, id=12308, stack(0x000000568bc00000,0x000000568bd00000)]
  0x0000019f7ff32730 JavaThread "Simple-Language-Server main thread" daemon [_thread_blocked, id=12660, stack(0x000000568bd00000,0x000000568be00000)]

Other Threads:
=>0x0000019f7fedd150 VMThread "VM Thread" [stack: 0x000000568a100000,0x000000568a200000] [id=3156]
  0x0000019f0a33c7a0 WatcherThread [stack: 0x000000568ad00000,0x000000568ae00000] [id=16008]
  0x0000019f7b11b960 GCTaskThread "GC Thread#0" [stack: 0x0000005689c00000,0x0000005689d00000] [id=18308]
  0x0000019f0af54ae0 GCTaskThread "GC Thread#1" [stack: 0x000000568af00000,0x000000568b000000] [id=992]
  0x0000019f0af77040 GCTaskThread "GC Thread#2" [stack: 0x000000568b000000,0x000000568b100000] [id=4136]
  0x0000019f0afaa850 GCTaskThread "GC Thread#3" [stack: 0x000000568b100000,0x000000568b200000] [id=18656]
  0x0000019f0b1e46f0 GCTaskThread "GC Thread#4" [stack: 0x000000568b200000,0x000000568b300000] [id=21568]
  0x0000019f0b1e4db0 GCTaskThread "GC Thread#5" [stack: 0x000000568b300000,0x000000568b400000] [id=7952]
  0x0000019f0b1e9070 GCTaskThread "GC Thread#6" [stack: 0x000000568b400000,0x000000568b500000] [id=15932]
  0x0000019f0b1f1330 GCTaskThread "GC Thread#7" [stack: 0x000000568b500000,0x000000568b600000] [id=22256]
  0x0000019f7b1257b0 ConcurrentGCThread "G1 Main Marker" [stack: 0x0000005689d00000,0x0000005689e00000] [id=7896]
  0x0000019f7b1260c0 ConcurrentGCThread "G1 Conc#0" [stack: 0x0000005689e00000,0x0000005689f00000] [id=21728]
  0x0000019f0b444a50 ConcurrentGCThread "G1 Conc#1" [stack: 0x000000568b800000,0x000000568b900000] [id=8816]
  0x0000019f7fd50090 ConcurrentGCThread "G1 Refine#0" [stack: 0x0000005689f00000,0x000000568a000000] [id=12808]
  0x0000019f7fd509b0 ConcurrentGCThread "G1 Service" [stack: 0x000000568a000000,0x000000568a100000] [id=15620]

Threads with active compile tasks:

VM state: at safepoint (normal execution)

VM Mutex/Monitor currently owned by a thread:  ([mutex/lock_event])
[0x0000019f78ff0390] Threads_lock - owner thread: 0x0000019f7fedd150
[0x0000019f7b0d81f0] Heap_lock - owner thread: 0x0000019f7ff330d0

Heap address: 0x00000000c0000000, size: 1024 MB, Compressed Oops mode: 32-bit

CDS archive(s) not mapped
Compressed class space mapped at: 0x0000000100000000-0x0000000140000000, reserved size: 1073741824
Narrow klass base: 0x0000000000000000, Narrow klass shift: 3, Narrow klass range: 0x140000000

GC Precious Log:
 CPUs: 8 total, 8 available
 Memory: 8029M
 Large Page Support: Disabled
 NUMA Support: Disabled
 Compressed Oops: Enabled (32-bit)
 Heap Region Size: 1M
 Heap Min Capacity: 8M
 Heap Initial Capacity: 126M
 Heap Max Capacity: 1G
 Pre-touch: Disabled
 Parallel Workers: 8
 Concurrent Workers: 2
 Concurrent Refinement Workers: 8
 Periodic GC: Disabled

Heap:
 garbage-first heap   total 65536K, used 18311K [0x00000000c0000000, 0x0000000100000000)
  region size 1024K, 1 young (1024K), 0 survivors (0K)
 Metaspace       used 37061K, committed 37568K, reserved 1114112K
  class space    used 4796K, committed 4992K, reserved 1048576K

Heap Regions: E=young(eden), S=young(survivor), O=old, HS=humongous(starts), HC=humongous(continues), CS=collection set, F=free, OA=open archive, CA=closed archive, TAMS=top-at-mark-start (previous, next)
|   0|0x00000000c0000000, 0x00000000c0100000, 0x00000000c0100000|100%|HS|  |TAMS 0x00000000c0100000, 0x00000000c0000000| Untracked 
|   1|0x00000000c0100000, 0x00000000c0200000, 0x00000000c0200000|100%| O|  |TAMS 0x00000000c0200000, 0x00000000c0100000| Untracked 
|   2|0x00000000c0200000, 0x00000000c0300000, 0x00000000c0300000|100%| O|  |TAMS 0x00000000c0300000, 0x00000000c0200000| Untracked 
|   3|0x00000000c0300000, 0x00000000c0400000, 0x00000000c0400000|100%| O|  |TAMS 0x00000000c0400000, 0x00000000c0300000| Untracked 
|   4|0x00000000c0400000, 0x00000000c0500000, 0x00000000c0500000|100%| O|  |TAMS 0x00000000c0500000, 0x00000000c0400000| Untracked 
|   5|0x00000000c0500000, 0x00000000c0600000, 0x00000000c0600000|100%| O|  |TAMS 0x00000000c0600000, 0x00000000c0500000| Untracked 
|   6|0x00000000c0600000, 0x00000000c06ffff8, 0x00000000c0700000| 99%| O|  |TAMS 0x00000000c06ffff8, 0x00000000c0600000| Untracked 
|   7|0x00000000c0700000, 0x00000000c0800000, 0x00000000c0800000|100%| O|  |TAMS 0x00000000c0800000, 0x00000000c0700000| Untracked 
|   8|0x00000000c0800000, 0x00000000c08ffff8, 0x00000000c0900000| 99%| O|  |TAMS 0x00000000c08ffff8, 0x00000000c0800000| Untracked 
|   9|0x00000000c0900000, 0x00000000c0a00000, 0x00000000c0a00000|100%| O|  |TAMS 0x00000000c0a00000, 0x00000000c0900000| Untracked 
|  10|0x00000000c0a00000, 0x00000000c0b00000, 0x00000000c0b00000|100%| O|  |TAMS 0x00000000c0b00000, 0x00000000c0a00000| Untracked 
|  11|0x00000000c0b00000, 0x00000000c0bffff0, 0x00000000c0c00000| 99%| O|  |TAMS 0x00000000c0bffff0, 0x00000000c0b00000| Untracked 
|  12|0x00000000c0c00000, 0x00000000c0cffff0, 0x00000000c0d00000| 99%| O|  |TAMS 0x00000000c0cffff0, 0x00000000c0c00000| Untracked 
|  13|0x00000000c0d00000, 0x00000000c0dffff8, 0x00000000c0e00000| 99%| O|  |TAMS 0x00000000c0dffff8, 0x00000000c0d00000| Untracked 
|  14|0x00000000c0e00000, 0x00000000c0efffe8, 0x00000000c0f00000| 99%| O|  |TAMS 0x00000000c0efffe8, 0x00000000c0e00000| Untracked 
|  15|0x00000000c0f00000, 0x00000000c0ffffb8, 0x00000000c1000000| 99%| O|  |TAMS 0x00000000c0ffffb8, 0x00000000c0f00000| Untracked 
|  16|0x00000000c1000000, 0x00000000c10fffe8, 0x00000000c1100000| 99%| O|  |TAMS 0x00000000c10fffe8, 0x00000000c1000000| Untracked 
|  17|0x00000000c1100000, 0x00000000c114acd8, 0x00000000c1200000| 29%| O|  |TAMS 0x00000000c1100000, 0x00000000c1100000| Untracked 
|  18|0x00000000c1200000, 0x00000000c1297280, 0x00000000c1300000| 59%| O|  |TAMS 0x00000000c1200000, 0x00000000c1200000| Untracked 
|  19|0x00000000c1300000, 0x00000000c1300000, 0x00000000c1400000|  0%| F|  |TAMS 0x00000000c1300000, 0x00000000c1300000| Untracked 
|  20|0x00000000c1400000, 0x00000000c1400000, 0x00000000c1500000|  0%| F|  |TAMS 0x00000000c1400000, 0x00000000c1400000| Untracked 
|  21|0x00000000c1500000, 0x00000000c1500000, 0x00000000c1600000|  0%| F|  |TAMS 0x00000000c1500000, 0x00000000c1500000| Untracked 
|  22|0x00000000c1600000, 0x00000000c1600000, 0x00000000c1700000|  0%| F|  |TAMS 0x00000000c1600000, 0x00000000c1600000| Untracked 
|  23|0x00000000c1700000, 0x00000000c1700000, 0x00000000c1800000|  0%| F|  |TAMS 0x00000000c1700000, 0x00000000c1700000| Untracked 
|  24|0x00000000c1800000, 0x00000000c1800000, 0x00000000c1900000|  0%| F|  |TAMS 0x00000000c1800000, 0x00000000c1800000| Untracked 
|  25|0x00000000c1900000, 0x00000000c1900000, 0x00000000c1a00000|  0%| F|  |TAMS 0x00000000c1900000, 0x00000000c1900000| Untracked 
|  26|0x00000000c1a00000, 0x00000000c1a00000, 0x00000000c1b00000|  0%| F|  |TAMS 0x00000000c1a00000, 0x00000000c1a00000| Untracked 
|  27|0x00000000c1b00000, 0x00000000c1b00000, 0x00000000c1c00000|  0%| F|  |TAMS 0x00000000c1b00000, 0x00000000c1b00000| Untracked 
|  28|0x00000000c1c00000, 0x00000000c1c00000, 0x00000000c1d00000|  0%| F|  |TAMS 0x00000000c1c00000, 0x00000000c1c00000| Untracked 
|  29|0x00000000c1d00000, 0x00000000c1d00000, 0x00000000c1e00000|  0%| F|  |TAMS 0x00000000c1d00000, 0x00000000c1d00000| Untracked 
|  30|0x00000000c1e00000, 0x00000000c1e00000, 0x00000000c1f00000|  0%| F|  |TAMS 0x00000000c1e00000, 0x00000000c1e00000| Untracked 
|  31|0x00000000c1f00000, 0x00000000c1f00000, 0x00000000c2000000|  0%| F|  |TAMS 0x00000000c1f00000, 0x00000000c1f00000| Untracked 
|  32|0x00000000c2000000, 0x00000000c2000000, 0x00000000c2100000|  0%| F|  |TAMS 0x00000000c2000000, 0x00000000c2000000| Untracked 
|  33|0x00000000c2100000, 0x00000000c2100000, 0x00000000c2200000|  0%| F|  |TAMS 0x00000000c2100000, 0x00000000c2100000| Untracked 
|  34|0x00000000c2200000, 0x00000000c2200000, 0x00000000c2300000|  0%| F|  |TAMS 0x00000000c2200000, 0x00000000c2200000| Untracked 
|  35|0x00000000c2300000, 0x00000000c2300000, 0x00000000c2400000|  0%| F|  |TAMS 0x00000000c2300000, 0x00000000c2300000| Untracked 
|  36|0x00000000c2400000, 0x00000000c2400000, 0x00000000c2500000|  0%| F|  |TAMS 0x00000000c2400000, 0x00000000c2400000| Untracked 
|  37|0x00000000c2500000, 0x00000000c2500000, 0x00000000c2600000|  0%| F|  |TAMS 0x00000000c2500000, 0x00000000c2500000| Untracked 
|  38|0x00000000c2600000, 0x00000000c2600000, 0x00000000c2700000|  0%| F|  |TAMS 0x00000000c2600000, 0x00000000c2600000| Untracked 
|  39|0x00000000c2700000, 0x00000000c2700000, 0x00000000c2800000|  0%| F|  |TAMS 0x00000000c2700000, 0x00000000c2700000| Untracked 
|  40|0x00000000c2800000, 0x00000000c2800000, 0x00000000c2900000|  0%| F|  |TAMS 0x00000000c2800000, 0x00000000c2800000| Untracked 
|  41|0x00000000c2900000, 0x00000000c2900000, 0x00000000c2a00000|  0%| F|  |TAMS 0x00000000c2900000, 0x00000000c2900000| Untracked 
|  42|0x00000000c2a00000, 0x00000000c2a00000, 0x00000000c2b00000|  0%| F|  |TAMS 0x00000000c2a00000, 0x00000000c2a00000| Untracked 
|  43|0x00000000c2b00000, 0x00000000c2b00000, 0x00000000c2c00000|  0%| F|  |TAMS 0x00000000c2b00000, 0x00000000c2b00000| Untracked 
|  44|0x00000000c2c00000, 0x00000000c2c00000, 0x00000000c2d00000|  0%| F|  |TAMS 0x00000000c2c00000, 0x00000000c2c00000| Untracked 
|  45|0x00000000c2d00000, 0x00000000c2d00000, 0x00000000c2e00000|  0%| F|  |TAMS 0x00000000c2d00000, 0x00000000c2d00000| Untracked 
|  46|0x00000000c2e00000, 0x00000000c2e00000, 0x00000000c2f00000|  0%| F|  |TAMS 0x00000000c2e00000, 0x00000000c2e00000| Untracked 
|  47|0x00000000c2f00000, 0x00000000c2f00000, 0x00000000c3000000|  0%| F|  |TAMS 0x00000000c2f00000, 0x00000000c2f00000| Untracked 
|  48|0x00000000c3000000, 0x00000000c3000000, 0x00000000c3100000|  0%| F|  |TAMS 0x00000000c3000000, 0x00000000c3000000| Untracked 
|  49|0x00000000c3100000, 0x00000000c3100000, 0x00000000c3200000|  0%| F|  |TAMS 0x00000000c3100000, 0x00000000c3100000| Untracked 
|  50|0x00000000c3200000, 0x00000000c3200000, 0x00000000c3300000|  0%| F|  |TAMS 0x00000000c3200000, 0x00000000c3200000| Untracked 
|  51|0x00000000c3300000, 0x00000000c3300000, 0x00000000c3400000|  0%| F|  |TAMS 0x00000000c3300000, 0x00000000c3300000| Untracked 
|  52|0x00000000c3400000, 0x00000000c3400000, 0x00000000c3500000|  0%| F|  |TAMS 0x00000000c3400000, 0x00000000c3400000| Untracked 
|  53|0x00000000c3500000, 0x00000000c3500000, 0x00000000c3600000|  0%| F|  |TAMS 0x00000000c3500000, 0x00000000c3500000| Untracked 
|  54|0x00000000c3600000, 0x00000000c3600000, 0x00000000c3700000|  0%| F|  |TAMS 0x00000000c3600000, 0x00000000c3600000| Untracked 
|  55|0x00000000c3700000, 0x00000000c3700000, 0x00000000c3800000|  0%| F|  |TAMS 0x00000000c3700000, 0x00000000c3700000| Untracked 
|  56|0x00000000c3800000, 0x00000000c3800000, 0x00000000c3900000|  0%| F|  |TAMS 0x00000000c3800000, 0x00000000c3800000| Untracked 
|  57|0x00000000c3900000, 0x00000000c3900000, 0x00000000c3a00000|  0%| F|  |TAMS 0x00000000c3900000, 0x00000000c3900000| Untracked 
|  58|0x00000000c3a00000, 0x00000000c3a00000, 0x00000000c3b00000|  0%| F|  |TAMS 0x00000000c3a00000, 0x00000000c3a00000| Untracked 
|  59|0x00000000c3b00000, 0x00000000c3b00000, 0x00000000c3c00000|  0%| F|  |TAMS 0x00000000c3b00000, 0x00000000c3b00000| Untracked 
|  60|0x00000000c3c00000, 0x00000000c3c00000, 0x00000000c3d00000|  0%| F|  |TAMS 0x00000000c3c00000, 0x00000000c3c00000| Untracked 
|  61|0x00000000c3d00000, 0x00000000c3d00000, 0x00000000c3e00000|  0%| F|  |TAMS 0x00000000c3d00000, 0x00000000c3d00000| Untracked 
|  62|0x00000000c3e00000, 0x00000000c3e00000, 0x00000000c3f00000|  0%| F|  |TAMS 0x00000000c3e00000, 0x00000000c3e00000| Untracked 
|  92|0x00000000c5c00000, 0x00000000c5c297c8, 0x00000000c5d00000| 16%| E|  |TAMS 0x00000000c5c00000, 0x00000000c5c00000| Complete 

Card table byte_map: [0x0000019f7e070000,0x0000019f7e270000] _byte_map_base: 0x0000019f7da70000

Marking Bits (Prev, Next): (CMBitMap*) 0x0000019f7b11be70, (CMBitMap*) 0x0000019f7b11beb0
 Prev Bits: [0x0000019f7e470000, 0x0000019f7f470000)
 Next Bits: [0x0000019f03000000, 0x0000019f04000000)

Polling page: 0x0000019f79260000

Metaspace:

Usage:
  Non-class:     31.51 MB used.
      Class:      4.68 MB used.
       Both:     36.19 MB used.

Virtual space:
  Non-class space:       64.00 MB reserved,      31.81 MB ( 50%) committed,  1 nodes.
      Class space:        1.00 GB reserved,       4.88 MB ( <1%) committed,  1 nodes.
             Both:        1.06 GB reserved,      36.69 MB (  3%) committed. 

Chunk freelists:
   Non-Class:  15.59 MB
       Class:  11.08 MB
        Both:  26.67 MB

MaxMetaspaceSize: unlimited
CompressedClassSpaceSize: 1.00 GB
Initial GC threshold: 21.00 MB
Current GC threshold: 61.19 MB
CDS: off
MetaspaceReclaimPolicy: balanced
 - commit_granule_bytes: 65536.
 - commit_granule_words: 8192.
 - virtual_space_node_default_size: 8388608.
 - enlarge_chunks_in_place: 1.
 - new_chunks_are_fully_committed: 0.
 - uncommit_free_chunks: 1.
 - use_allocation_guard: 0.
 - handle_deallocations: 1.


Internal statistics:

num_allocs_failed_limit: 6.
num_arena_births: 464.
num_arena_deaths: 132.
num_vsnodes_births: 2.
num_vsnodes_deaths: 0.
num_space_committed: 587.
num_space_uncommitted: 0.
num_chunks_returned_to_freelist: 153.
num_chunks_taken_from_freelist: 1576.
num_chunk_merges: 50.
num_chunk_splits: 1074.
num_chunks_enlarged: 794.
num_inconsistent_stats: 0.

CodeCache: size=49152Kb used=6720Kb max_used=8162Kb free=42431Kb
 bounds [0x0000019f00000000, 0x0000019f00800000, 0x0000019f03000000]
 total_blobs=4109 nmethods=3575 adapters=461
 compilation: enabled
              stopped_count=0, restarted_count=0
 full_count=0

Compilation events (20 events):
Event: 2639.103 Thread 0x0000019f7ff34a70 3563       1       java.lang.Process::<init> (5 bytes)
Event: 2639.103 Thread 0x0000019f7ff34a70 nmethod 3563 0x0000019f0052bd90 code [0x0000019f0052bf20, 0x0000019f0052bfd8]
Event: 2639.103 Thread 0x0000019f7ff34a70 3565       1       java.lang.invoke.Invokers$Holder::linkToTargetMethod (9 bytes)
Event: 2639.103 Thread 0x0000019f7ff34a70 nmethod 3565 0x0000019f0052ba10 code [0x0000019f0052bbc0, 0x0000019f0052bcd8]
Event: 2639.103 Thread 0x0000019f7ff34a70 3566       1       java.lang.invoke.LambdaForm$DMH/0x00000001004f9000::newInvokeSpecial (23 bytes)
Event: 2639.103 Thread 0x0000019f7ff34a70 nmethod 3566 0x0000019f0052b590 code [0x0000019f0052b740, 0x0000019f0052b8c8]
Event: 2639.103 Thread 0x0000019f7ff34a70 3567       1       java.lang.ProcessImpl$$Lambda$690/0x00000001003d7ca8::<init> (10 bytes)
Event: 2639.103 Thread 0x0000019f7ff34a70 nmethod 3567 0x0000019f0052b290 code [0x0000019f0052b420, 0x0000019f0052b4f8]
Event: 2639.231 Thread 0x0000019f7ff34a70 3568   !   1       java.io.FilterOutputStream::close (183 bytes)
Event: 2639.251 Thread 0x0000019f7ff34a70 nmethod 3568 0x0000019f0052a110 code [0x0000019f0052a320, 0x0000019f0052a7f8]
Event: 2639.251 Thread 0x0000019f7ff34a70 3569   !   1       java.io.FileOutputStream::close (69 bytes)
Event: 2639.252 Thread 0x0000019f7ff34a70 nmethod 3569 0x0000019f00529a90 code [0x0000019f00529c60, 0x0000019f00529fd8]
Event: 2639.252 Thread 0x0000019f7ff34a70 3570       1       java.io.FileOutputStream$1::<init> (10 bytes)
Event: 2639.252 Thread 0x0000019f7ff34a70 nmethod 3570 0x0000019f00529790 code [0x0000019f00529920, 0x0000019f00529a38]
Event: 2639.252 Thread 0x0000019f7ff34a70 3571       1       java.io.FileOutputStream$1::close (11 bytes)
Event: 2639.252 Thread 0x0000019f7ff34a70 nmethod 3571 0x0000019f00529110 code [0x0000019f005292c0, 0x0000019f005295d8]
Event: 2639.252 Thread 0x0000019f7ff34a70 3573       1       java.lang.ProcessImpl$$Lambda$690/0x00000001003d7ca8::run (8 bytes)
Event: 2639.252 Thread 0x0000019f7ff34a70 nmethod 3573 0x0000019f00528e10 code [0x0000019f00528fa0, 0x0000019f00529088]
Event: 2639.252 Thread 0x0000019f7ff34a70 3574       1       java.lang.ProcessImpl::lambda$new$0 (6 bytes)
Event: 2639.252 Thread 0x0000019f7ff34a70 nmethod 3574 0x0000019f00528b10 code [0x0000019f00528ca0, 0x0000019f00528d68]

GC Heap History (20 events):
Event: 3057.379 GC heap before
{Heap before GC invocations=305 (full 296):
 garbage-first heap   total 65536K, used 18311K [0x00000000c0000000, 0x0000000100000000)
  region size 1024K, 1 young (1024K), 0 survivors (0K)
 Metaspace       used 37061K, committed 37568K, reserved 1114112K
  class space    used 4796K, committed 4992K, reserved 1048576K
}
Event: 3057.395 GC heap after
{Heap after GC invocations=306 (full 297):
 garbage-first heap   total 65536K, used 18311K [0x00000000c0000000, 0x0000000100000000)
  region size 1024K, 0 young (0K), 0 survivors (0K)
 Metaspace       used 37061K, committed 37568K, reserved 1114112K
  class space    used 4796K, committed 4992K, reserved 1048576K
}
Event: 3067.518 GC heap before
{Heap before GC invocations=306 (full 297):
 garbage-first heap   total 65536K, used 18311K [0x00000000c0000000, 0x0000000100000000)
  region size 1024K, 1 young (1024K), 0 survivors (0K)
 Metaspace       used 37061K, committed 37568K, reserved 1114112K
  class space    used 4796K, committed 4992K, reserved 1048576K
}
Event: 3067.539 GC heap after
{Heap after GC invocations=307 (full 298):
 garbage-first heap   total 65536K, used 18311K [0x00000000c0000000, 0x0000000100000000)
  region size 1024K, 0 young (0K), 0 survivors (0K)
 Metaspace       used 37061K, committed 37568K, reserved 1114112K
  class space    used 4796K, committed 4992K, reserved 1048576K
}
Event: 3077.659 GC heap before
{Heap before GC invocations=307 (full 298):
 garbage-first heap   total 65536K, used 18311K [0x00000000c0000000, 0x0000000100000000)
  region size 1024K, 1 young (1024K), 0 survivors (0K)
 Metaspace       used 37061K, committed 37568K, reserved 1114112K
  class space    used 4796K, committed 4992K, reserved 1048576K
}
Event: 3077.675 GC heap after
{Heap after GC invocations=308 (full 299):
 garbage-first heap   total 65536K, used 18311K [0x00000000c0000000, 0x0000000100000000)
  region size 1024K, 0 young (0K), 0 survivors (0K)
 Metaspace       used 37061K, committed 37568K, reserved 1114112K
  class space    used 4796K, committed 4992K, reserved 1048576K
}
Event: 3087.792 GC heap before
{Heap before GC invocations=308 (full 299):
 garbage-first heap   total 65536K, used 18311K [0x00000000c0000000, 0x0000000100000000)
  region size 1024K, 1 young (1024K), 0 survivors (0K)
 Metaspace       used 37061K, committed 37568K, reserved 1114112K
  class space    used 4796K, committed 4992K, reserved 1048576K
}
Event: 3087.808 GC heap after
{Heap after GC invocations=309 (full 300):
 garbage-first heap   total 65536K, used 18311K [0x00000000c0000000, 0x0000000100000000)
  region size 1024K, 0 young (0K), 0 survivors (0K)
 Metaspace       used 37061K, committed 37568K, reserved 1114112K
  class space    used 4796K, committed 4992K, reserved 1048576K
}
Event: 3097.931 GC heap before
{Heap before GC invocations=309 (full 300):
 garbage-first heap   total 65536K, used 18311K [0x00000000c0000000, 0x0000000100000000)
  region size 1024K, 1 young (1024K), 0 survivors (0K)
 Metaspace       used 37061K, committed 37568K, reserved 1114112K
  class space    used 4796K, committed 4992K, reserved 1048576K
}
Event: 3097.947 GC heap after
{Heap after GC invocations=310 (full 301):
 garbage-first heap   total 65536K, used 18311K [0x00000000c0000000, 0x0000000100000000)
  region size 1024K, 0 young (0K), 0 survivors (0K)
 Metaspace       used 37061K, committed 37568K, reserved 1114112K
  class space    used 4796K, committed 4992K, reserved 1048576K
}
Event: 3108.067 GC heap before
{Heap before GC invocations=310 (full 301):
 garbage-first heap   total 65536K, used 18311K [0x00000000c0000000, 0x0000000100000000)
  region size 1024K, 1 young (1024K), 0 survivors (0K)
 Metaspace       used 37061K, committed 37568K, reserved 1114112K
  class space    used 4796K, committed 4992K, reserved 1048576K
}
Event: 3108.087 GC heap after
{Heap after GC invocations=311 (full 302):
 garbage-first heap   total 65536K, used 18311K [0x00000000c0000000, 0x0000000100000000)
  region size 1024K, 0 young (0K), 0 survivors (0K)
 Metaspace       used 37061K, committed 37568K, reserved 1114112K
  class space    used 4796K, committed 4992K, reserved 1048576K
}
Event: 3118.207 GC heap before
{Heap before GC invocations=311 (full 302):
 garbage-first heap   total 65536K, used 18311K [0x00000000c0000000, 0x0000000100000000)
  region size 1024K, 1 young (1024K), 0 survivors (0K)
 Metaspace       used 37061K, committed 37568K, reserved 1114112K
  class space    used 4796K, committed 4992K, reserved 1048576K
}
Event: 3118.224 GC heap after
{Heap after GC invocations=312 (full 303):
 garbage-first heap   total 65536K, used 18311K [0x00000000c0000000, 0x0000000100000000)
  region size 1024K, 0 young (0K), 0 survivors (0K)
 Metaspace       used 37061K, committed 37568K, reserved 1114112K
  class space    used 4796K, committed 4992K, reserved 1048576K
}
Event: 3128.339 GC heap before
{Heap before GC invocations=312 (full 303):
 garbage-first heap   total 65536K, used 18311K [0x00000000c0000000, 0x0000000100000000)
  region size 1024K, 1 young (1024K), 0 survivors (0K)
 Metaspace       used 37061K, committed 37568K, reserved 1114112K
  class space    used 4796K, committed 4992K, reserved 1048576K
}
Event: 3128.356 GC heap after
{Heap after GC invocations=313 (full 304):
 garbage-first heap   total 65536K, used 18311K [0x00000000c0000000, 0x0000000100000000)
  region size 1024K, 0 young (0K), 0 survivors (0K)
 Metaspace       used 37061K, committed 37568K, reserved 1114112K
  class space    used 4796K, committed 4992K, reserved 1048576K
}
Event: 3138.482 GC heap before
{Heap before GC invocations=313 (full 304):
 garbage-first heap   total 65536K, used 18311K [0x00000000c0000000, 0x0000000100000000)
  region size 1024K, 1 young (1024K), 0 survivors (0K)
 Metaspace       used 37061K, committed 37568K, reserved 1114112K
  class space    used 4796K, committed 4992K, reserved 1048576K
}
Event: 3138.499 GC heap after
{Heap after GC invocations=314 (full 305):
 garbage-first heap   total 65536K, used 18311K [0x00000000c0000000, 0x0000000100000000)
  region size 1024K, 0 young (0K), 0 survivors (0K)
 Metaspace       used 37061K, committed 37568K, reserved 1114112K
  class space    used 4796K, committed 4992K, reserved 1048576K
}
Event: 3148.626 GC heap before
{Heap before GC invocations=314 (full 305):
 garbage-first heap   total 65536K, used 18311K [0x00000000c0000000, 0x0000000100000000)
  region size 1024K, 1 young (1024K), 0 survivors (0K)
 Metaspace       used 37061K, committed 37568K, reserved 1114112K
  class space    used 4796K, committed 4992K, reserved 1048576K
}
Event: 3148.643 GC heap after
{Heap after GC invocations=315 (full 306):
 garbage-first heap   total 65536K, used 18311K [0x00000000c0000000, 0x0000000100000000)
  region size 1024K, 0 young (0K), 0 survivors (0K)
 Metaspace       used 37061K, committed 37568K, reserved 1114112K
  class space    used 4796K, committed 4992K, reserved 1048576K
}

Dll operation events (7 events):
Event: 0.010 Loaded shared library c:\Users\1020491006\.vscode\extensions\redhat.java-1.20.0-win32-x64\jre\17.0.7-win32-x86_64\bin\java.dll
Event: 0.248 Loaded shared library C:\Users\1020491006\.vscode\extensions\redhat.java-1.20.0-win32-x64\jre\17.0.7-win32-x86_64\bin\net.dll
Event: 0.251 Loaded shared library C:\Users\1020491006\.vscode\extensions\redhat.java-1.20.0-win32-x64\jre\17.0.7-win32-x86_64\bin\nio.dll
Event: 0.261 Loaded shared library C:\Users\1020491006\.vscode\extensions\redhat.java-1.20.0-win32-x64\jre\17.0.7-win32-x86_64\bin\zip.dll
Event: 0.509 Loaded shared library C:\Users\1020491006\.vscode\extensions\redhat.java-1.20.0-win32-x64\jre\17.0.7-win32-x86_64\bin\jimage.dll
Event: 4.111 Loaded shared library C:\Users\1020491006\.vscode\extensions\redhat.java-1.20.0-win32-x64\jre\17.0.7-win32-x86_64\bin\management.dll
Event: 4.113 Loaded shared library C:\Users\1020491006\.vscode\extensions\redhat.java-1.20.0-win32-x64\jre\17.0.7-win32-x86_64\bin\management_ext.dll

Deoptimization events (4 events):
Event: 2.592 Thread 0x0000019f7b0db3b0 DEOPT PACKING pc=0x0000019f00605f19 sp=0x0000005689bfd570
Event: 2.592 Thread 0x0000019f7b0db3b0 DEOPT UNPACKING pc=0x0000019f00057143 sp=0x0000005689bfca50 mode 3
Event: 4.369 Thread 0x0000019f7ff32730 DEOPT PACKING pc=0x0000019f007ee535 sp=0x000000568bdfd240
Event: 4.369 Thread 0x0000019f7ff32730 DEOPT UNPACKING pc=0x0000019f00057143 sp=0x000000568bdfc768 mode 3

Classes unloaded (20 events):
Event: 64.783 Thread 0x0000019f7fedd150 Unloading class 0x0000000100220800 'java/lang/invoke/LambdaForm$MH+0x0000000100220800'
Event: 64.783 Thread 0x0000019f7fedd150 Unloading class 0x0000000100215000 'java/lang/invoke/LambdaForm$DMH+0x0000000100215000'
Event: 64.783 Thread 0x0000019f7fedd150 Unloading class 0x0000000100091c00 'java/lang/invoke/LambdaForm$MH+0x0000000100091c00'
Event: 64.783 Thread 0x0000019f7fedd150 Unloading class 0x0000000100091800 'java/lang/invoke/LambdaForm$MH+0x0000000100091800'
Event: 64.783 Thread 0x0000019f7fedd150 Unloading class 0x0000000100091400 'java/lang/invoke/LambdaForm$MH+0x0000000100091400'
Event: 64.783 Thread 0x0000019f7fedd150 Unloading class 0x0000000100091000 'java/lang/invoke/LambdaForm$MH+0x0000000100091000'
Event: 64.783 Thread 0x0000019f7fedd150 Unloading class 0x0000000100090c00 'java/lang/invoke/LambdaForm$MH+0x0000000100090c00'
Event: 64.783 Thread 0x0000019f7fedd150 Unloading class 0x0000000100090800 'java/lang/invoke/LambdaForm$MH+0x0000000100090800'
Event: 64.783 Thread 0x0000019f7fedd150 Unloading class 0x0000000100090400 'java/lang/invoke/LambdaForm$MH+0x0000000100090400'
Event: 64.783 Thread 0x0000019f7fedd150 Unloading class 0x0000000100090000 'java/lang/invoke/LambdaForm$MH+0x0000000100090000'
Event: 64.783 Thread 0x0000019f7fedd150 Unloading class 0x000000010008b800 'java/lang/invoke/LambdaForm$MH+0x000000010008b800'
Event: 64.783 Thread 0x0000019f7fedd150 Unloading class 0x000000010008b400 'java/lang/invoke/LambdaForm$MH+0x000000010008b400'
Event: 64.783 Thread 0x0000019f7fedd150 Unloading class 0x000000010008b000 'java/lang/invoke/LambdaForm$MH+0x000000010008b000'
Event: 64.783 Thread 0x0000019f7fedd150 Unloading class 0x000000010008ac00 'java/lang/invoke/LambdaForm$MH+0x000000010008ac00'
Event: 64.783 Thread 0x0000019f7fedd150 Unloading class 0x000000010008a800 'java/lang/invoke/LambdaForm$MH+0x000000010008a800'
Event: 64.783 Thread 0x0000019f7fedd150 Unloading class 0x000000010008a400 'java/lang/invoke/LambdaForm$MH+0x000000010008a400'
Event: 64.783 Thread 0x0000019f7fedd150 Unloading class 0x0000000100089c00 'java/lang/invoke/LambdaForm$MH+0x0000000100089c00'
Event: 64.783 Thread 0x0000019f7fedd150 Unloading class 0x0000000100089400 'java/lang/invoke/LambdaForm$MH+0x0000000100089400'
Event: 64.783 Thread 0x0000019f7fedd150 Unloading class 0x0000000100088c00 'java/lang/invoke/LambdaForm$MH+0x0000000100088c00'
Event: 64.783 Thread 0x0000019f7fedd150 Unloading class 0x0000000100088400 'java/lang/invoke/LambdaForm$MH+0x0000000100088400'

Classes redefined (0 events):
No events

Internal exceptions (20 events):
Event: 3.117 Thread 0x0000019f7b0db3b0 Exception <a 'java/lang/NoSuchMethodError'{0x00000000c2907eb0}: 'java.lang.Object java.lang.invoke.DirectMethodHandle$Holder.invokeSpecial(java.lang.Object, java.lang.Object, java.lang.Object, java.lang.Object, java.lang.Object, java.lang.Object, java.lang.Object, java.lang.Object, java.lang.Object, java.lang.Object)'> (0x00000000c2907eb0) 
thrown [s\src\hotspot\share\interpreter\linkResolver.cpp, line 759]
Event: 3.118 Thread 0x0000019f7b0db3b0 Exception <a 'java/lang/NoSuchMethodError'{0x00000000c290c498}: 'java.lang.Object java.lang.invoke.Invokers$Holder.invoke_MT(java.lang.Object, java.lang.Object, java.lang.Object, java.lang.Object, java.lang.Object, java.lang.Object, java.lang.Object, java.lang.Object, java.lang.Object, java.lang.Object)'> (0x00000000c290c498) 
thrown [s\src\hotspot\share\interpreter\linkResolver.cpp, line 759]
Event: 3.125 Thread 0x0000019f7b0db3b0 Exception <a 'java/lang/NoSuchMethodError'{0x00000000c2951b10}: 'java.lang.Object java.lang.invoke.DirectMethodHandle$Holder.invokeSpecial(java.lang.Object, java.lang.Object, int, java.lang.Object, java.lang.Object)'> (0x00000000c2951b10) 
thrown [s\src\hotspot\share\interpreter\linkResolver.cpp, line 759]
Event: 3.125 Thread 0x0000019f7b0db3b0 Exception <a 'java/lang/NoSuchMethodError'{0x00000000c29557b8}: 'java.lang.Object java.lang.invoke.DelegatingMethodHandle$Holder.delegate(java.lang.Object, int, java.lang.Object, java.lang.Object)'> (0x00000000c29557b8) 
thrown [s\src\hotspot\share\interpreter\linkResolver.cpp, line 759]
Event: 3.126 Thread 0x0000019f7b0db3b0 Exception <a 'java/lang/NoSuchMethodError'{0x00000000c2966640}: 'int java.lang.invoke.Invokers$Holder.linkToTargetMethod(java.lang.Object, java.lang.Object, java.lang.Object)'> (0x00000000c2966640) 
thrown [s\src\hotspot\share\interpreter\linkResolver.cpp, line 759]
Event: 3.211 Thread 0x0000019f7b0db3b0 Exception <a 'java/lang/NoSuchMethodError'{0x00000000c27d22d0}: 'void java.lang.invoke.DirectMethodHandle$Holder.invokeSpecial(java.lang.Object, java.lang.Object, java.lang.Object, java.lang.Object, java.lang.Object, java.lang.Object)'> (0x00000000c27d22d0) 
thrown [s\src\hotspot\share\interpreter\linkResolver.cpp, line 759]
Event: 3.267 Thread 0x0000019f7b0db3b0 Exception <a 'java/lang/NoSuchMethodError'{0x00000000c7d7c388}: 'java.lang.Object java.lang.invoke.DirectMethodHandle$Holder.invokeStaticInit(java.lang.Object, int, int, int, int)'> (0x00000000c7d7c388) 
thrown [s\src\hotspot\share\interpreter\linkResolver.cpp, line 759]
Event: 3.355 Thread 0x0000019f7b0db3b0 Exception <a 'java/lang/NoSuchMethodError'{0x00000000c606e690}: 'java.lang.Object java.lang.invoke.DirectMethodHandle$Holder.invokeStaticInit(java.lang.Object, java.lang.Object, int, int, int, int)'> (0x00000000c606e690) 
thrown [s\src\hotspot\share\interpreter\linkResolver.cpp, line 759]
Event: 3.560 Thread 0x0000019f7b0db3b0 Exception <a 'java/lang/NoSuchMethodError'{0x00000000c30efac0}: 'void java.lang.invoke.DirectMethodHandle$Holder.invokeSpecialIFC(java.lang.Object, java.lang.Object, java.lang.Object)'> (0x00000000c30efac0) 
thrown [s\src\hotspot\share\interpreter\linkResolver.cpp, line 759]
Event: 3.926 Thread 0x0000019f7b0db3b0 Exception <a 'java/lang/NoSuchMethodError'{0x00000000c32b6930}: 'void java.lang.invoke.DirectMethodHandle$Holder.invokeSpecial(java.lang.Object, java.lang.Object, java.lang.Object, java.lang.Object, java.lang.Object, java.lang.Object, java.lang.Object)'> (0x00000000c32b6930) 
thrown [s\src\hotspot\share\interpreter\linkResolver.cpp, line 759]
Event: 4.000 Thread 0x0000019f7b0db3b0 Exception <a 'java/lang/NoSuchMethodError'{0x00000000c2f82268}: 'java.lang.Object java.lang.invoke.DirectMethodHandle$Holder.invokeInterface(java.lang.Object, java.lang.Object, int)'> (0x00000000c2f82268) 
thrown [s\src\hotspot\share\interpreter\linkResolver.cpp, line 759]
Event: 4.002 Thread 0x0000019f7b0db3b0 Exception <a 'java/lang/IncompatibleClassChangeError'{0x00000000c2f950c8}: Found class java.lang.Object, but interface was expected> (0x00000000c2f950c8) 
thrown [s\src\hotspot\share\interpreter\linkResolver.cpp, line 826]
Event: 4.102 Thread 0x0000019f7b0db3b0 Exception <a 'java/lang/NoSuchMethodError'{0x00000000c2b68188}: 'java.lang.Object java.lang.invoke.DirectMethodHandle$Holder.newInvokeSpecial(java.lang.Object, java.lang.Object, int, java.lang.Object, java.lang.Object)'> (0x00000000c2b68188) 
thrown [s\src\hotspot\share\interpreter\linkResolver.cpp, line 759]
Event: 4.103 Thread 0x0000019f7b0db3b0 Exception <a 'java/lang/NoSuchMethodError'{0x00000000c2b7a248}: 'java.lang.Object java.lang.invoke.DirectMethodHandle$Holder.invokeSpecial(java.lang.Object, java.lang.Object, int, java.lang.Object, int, java.lang.Object)'> (0x00000000c2b7a248) 
thrown [s\src\hotspot\share\interpreter\linkResolver.cpp, line 759]
Event: 4.103 Thread 0x0000019f7b0db3b0 Exception <a 'java/lang/NoSuchMethodError'{0x00000000c2b82050}: 'java.lang.Object java.lang.invoke.DirectMethodHandle$Holder.newInvokeSpecial(java.lang.Object, java.lang.Object, int, java.lang.Object, int)'> (0x00000000c2b82050) 
thrown [s\src\hotspot\share\interpreter\linkResolver.cpp, line 759]
Event: 4.104 Thread 0x0000019f7b0db3b0 Exception <a 'java/lang/NoSuchMethodError'{0x00000000c2b86150}: 'java.lang.Object java.lang.invoke.DirectMethodHandle$Holder.invokeSpecial(java.lang.Object, java.lang.Object, java.lang.Object, int, java.lang.Object, int)'> (0x00000000c2b86150) 
thrown [s\src\hotspot\share\interpreter\linkResolver.cpp, line 759]
Event: 4.365 Thread 0x0000019f7ff32730 Exception <a 'java/lang/NoSuchMethodError'{0x00000000c3d27eb8}: 'java.lang.Object java.lang.invoke.DirectMethodHandle$Holder.invokeStatic(java.lang.Object, int, java.lang.Object)'> (0x00000000c3d27eb8) 
thrown [s\src\hotspot\share\interpreter\linkResolver.cpp, line 759]
Event: 4.367 Thread 0x0000019f7ff2f710 Exception <a 'java/lang/NoSuchMethodError'{0x00000000c3d69fd0}: 'java.lang.Object java.lang.invoke.DirectMethodHandle$Holder.invokeStatic(java.lang.Object, java.lang.Object, java.lang.Object, int, java.lang.Object, java.lang.Object)'> (0x00000000c3d69fd0) 
thrown [s\src\hotspot\share\interpreter\linkResolver.cpp, line 759]
Event: 44.119 Thread 0x0000019f7ff330d0 Exception <a 'java/lang/NoSuchMethodError'{0x00000000c3bef350}: 'void java.lang.invoke.DirectMethodHandle$Holder.invokeStatic(java.lang.Object, long)'> (0x00000000c3bef350) 
thrown [s\src\hotspot\share\interpreter\linkResolver.cpp, line 759]
Event: 44.120 Thread 0x0000019f7ff330d0 Exception <a 'java/lang/NoSuchMethodError'{0x00000000c3bf46f8}: 'java.lang.Object java.lang.invoke.DirectMethodHandle$Holder.newInvokeSpecial(java.lang.Object, long)'> (0x00000000c3bf46f8) 
thrown [s\src\hotspot\share\interpreter\linkResolver.cpp, line 759]

VM Operations (20 events):
Event: 3057.395 Executing VM operation: G1CollectFull done
Event: 3067.518 Executing VM operation: G1CollectFull
Event: 3067.539 Executing VM operation: G1CollectFull done
Event: 3077.659 Executing VM operation: G1CollectFull
Event: 3077.675 Executing VM operation: G1CollectFull done
Event: 3087.791 Executing VM operation: G1CollectFull
Event: 3087.808 Executing VM operation: G1CollectFull done
Event: 3097.930 Executing VM operation: G1CollectFull
Event: 3097.947 Executing VM operation: G1CollectFull done
Event: 3108.067 Executing VM operation: G1CollectFull
Event: 3108.087 Executing VM operation: G1CollectFull done
Event: 3118.207 Executing VM operation: G1CollectFull
Event: 3118.224 Executing VM operation: G1CollectFull done
Event: 3128.338 Executing VM operation: G1CollectFull
Event: 3128.356 Executing VM operation: G1CollectFull done
Event: 3138.482 Executing VM operation: G1CollectFull
Event: 3138.499 Executing VM operation: G1CollectFull done
Event: 3148.626 Executing VM operation: G1CollectFull
Event: 3148.643 Executing VM operation: G1CollectFull done
Event: 3158.701 Executing VM operation: G1CollectFull

Events (20 events):
Event: 4.411 Thread 0x0000019f7ff313f0 Thread added: 0x0000019f7ff313f0
Event: 4.412 loading class java/util/concurrent/CompletableFuture$UniRelay
Event: 4.412 loading class java/util/concurrent/CompletableFuture$UniRelay done
Event: 9.418 Thread 0x0000019f0a312de0 Thread exited: 0x0000019f0a312de0
Event: 9.418 Thread 0x0000019f0a30be30 Thread exited: 0x0000019f0a30be30
Event: 9.418 Thread 0x0000019f0b368880 Thread exited: 0x0000019f0b368880
Event: 44.116 loading class java/lang/ProcessBuilder
Event: 44.116 loading class java/lang/ProcessBuilder done
Event: 44.116 loading class java/lang/ProcessImpl
Event: 44.116 loading class java/lang/ProcessImpl done
Event: 44.120 loading class java/lang/ProcessImpl$2
Event: 44.120 loading class java/lang/ProcessImpl$2 done
Event: 44.120 loading class java/lang/Process$PipeInputStream
Event: 44.120 loading class java/lang/Process$PipeInputStream done
Event: 44.120 loading class jdk/internal/event/ProcessStartEvent
Event: 44.120 loading class jdk/internal/event/ProcessStartEvent done
Event: 44.224 loading class java/io/FileOutputStream$1
Event: 44.224 loading class java/io/FileOutputStream$1 done
Event: 64.414 Thread 0x0000019f7ff313f0 Thread exited: 0x0000019f7ff313f0
Event: 64.637 Thread 0x0000019f7ff30f20 Thread exited: 0x0000019f7ff30f20


Dynamic libraries:
0x00007ff6f3260000 - 0x00007ff6f326e000 	c:\Users\1020491006\.vscode\extensions\redhat.java-1.20.0-win32-x64\jre\17.0.7-win32-x86_64\bin\java.exe
0x00007ffed1d10000 - 0x00007ffed1f05000 	C:\Windows\SYSTEM32\ntdll.dll
0x00007ffed0400000 - 0x00007ffed04bd000 	C:\Windows\System32\KERNEL32.DLL
0x00007ffecf440000 - 0x00007ffecf709000 	C:\Windows\System32\KERNELBASE.dll
0x00007ffecf7a0000 - 0x00007ffecf8a0000 	C:\Windows\System32\ucrtbase.dll
0x00007ffec6980000 - 0x00007ffec6997000 	c:\Users\1020491006\.vscode\extensions\redhat.java-1.20.0-win32-x64\jre\17.0.7-win32-x86_64\bin\jli.dll
0x00007ffeb0970000 - 0x00007ffeb0989000 	c:\Users\1020491006\.vscode\extensions\redhat.java-1.20.0-win32-x64\jre\17.0.7-win32-x86_64\bin\VCRUNTIME140.dll
0x00007ffed1300000 - 0x00007ffed14a0000 	C:\Windows\System32\USER32.dll
0x00007ffeb9c90000 - 0x00007ffeb9f2a000 	C:\Windows\WinSxS\amd64_microsoft.windows.common-controls_6595b64144ccf1df_6.0.19041.1110_none_60b5254171f9507e\COMCTL32.dll
0x00007ffecfbb0000 - 0x00007ffecfbd2000 	C:\Windows\System32\win32u.dll
0x00007ffecfd70000 - 0x00007ffecfe0e000 	C:\Windows\System32\msvcrt.dll
0x00007ffed0110000 - 0x00007ffed013a000 	C:\Windows\System32\GDI32.dll
0x00007ffecf8a0000 - 0x00007ffecf9ab000 	C:\Windows\System32\gdi32full.dll
0x00007ffecfb10000 - 0x00007ffecfbad000 	C:\Windows\System32\msvcp_win.dll
0x00007ffed05a0000 - 0x00007ffed05d0000 	C:\Windows\System32\IMM32.DLL
0x00007ffeca510000 - 0x00007ffeca51c000 	c:\Users\1020491006\.vscode\extensions\redhat.java-1.20.0-win32-x64\jre\17.0.7-win32-x86_64\bin\vcruntime140_1.dll
0x00007ffe9cd70000 - 0x00007ffe9ce01000 	c:\Users\1020491006\.vscode\extensions\redhat.java-1.20.0-win32-x64\jre\17.0.7-win32-x86_64\bin\msvcp140.dll
0x00007ffe967f0000 - 0x00007ffe97438000 	c:\Users\1020491006\.vscode\extensions\redhat.java-1.20.0-win32-x64\jre\17.0.7-win32-x86_64\bin\server\jvm.dll
0x00007ffed0990000 - 0x00007ffed0a3c000 	C:\Windows\System32\ADVAPI32.dll
0x00007ffed0b10000 - 0x00007ffed0bab000 	C:\Windows\System32\sechost.dll
0x00007ffecfe20000 - 0x00007ffecff4a000 	C:\Windows\System32\RPCRT4.dll
0x00007ffeb14f0000 - 0x00007ffeb14f9000 	C:\Windows\SYSTEM32\WSOCK32.dll
0x00007ffed1520000 - 0x00007ffed158b000 	C:\Windows\System32\WS2_32.dll
0x00007ffec8a50000 - 0x00007ffec8a5a000 	C:\Windows\SYSTEM32\VERSION.dll
0x00007ffeb38c0000 - 0x00007ffeb38e7000 	C:\Windows\SYSTEM32\WINMM.dll
0x00007ffecdc90000 - 0x00007ffecdca2000 	C:\Windows\SYSTEM32\kernel.appcore.dll
0x00007ffeca500000 - 0x00007ffeca50a000 	c:\Users\1020491006\.vscode\extensions\redhat.java-1.20.0-win32-x64\jre\17.0.7-win32-x86_64\bin\jimage.dll
0x00007ffeccfc0000 - 0x00007ffecd1a4000 	C:\Windows\SYSTEM32\DBGHELP.DLL
0x00007ffeba630000 - 0x00007ffeba65c000 	C:\Windows\SYSTEM32\dbgcore.DLL
0x00007ffecf710000 - 0x00007ffecf793000 	C:\Windows\System32\bcryptPrimitives.dll
0x00007ffeac940000 - 0x00007ffeac965000 	c:\Users\1020491006\.vscode\extensions\redhat.java-1.20.0-win32-x64\jre\17.0.7-win32-x86_64\bin\java.dll
0x00007ffec69a0000 - 0x00007ffec69b8000 	c:\Users\1020491006\.vscode\extensions\redhat.java-1.20.0-win32-x64\jre\17.0.7-win32-x86_64\bin\zip.dll
0x00007ffed1590000 - 0x00007ffed1ccf000 	C:\Windows\System32\SHELL32.dll
0x00007ffecd4f0000 - 0x00007ffecdc80000 	C:\Windows\SYSTEM32\windows.storage.dll
0x00007ffed0630000 - 0x00007ffed0985000 	C:\Windows\System32\combase.dll
0x00007ffeced50000 - 0x00007ffeced7c000 	C:\Windows\SYSTEM32\Wldp.dll
0x00007ffed01a0000 - 0x00007ffed024e000 	C:\Windows\System32\SHCORE.dll
0x00007ffed05d0000 - 0x00007ffed0625000 	C:\Windows\System32\shlwapi.dll
0x00007ffecf380000 - 0x00007ffecf39f000 	C:\Windows\SYSTEM32\profapi.dll
0x00007ffeac4c0000 - 0x00007ffeac4d9000 	C:\Users\1020491006\.vscode\extensions\redhat.java-1.20.0-win32-x64\jre\17.0.7-win32-x86_64\bin\net.dll
0x00007ffec5c10000 - 0x00007ffec5d18000 	C:\Windows\SYSTEM32\WINHTTP.dll
0x00007ffeceb30000 - 0x00007ffeceb9a000 	C:\Windows\system32\mswsock.dll
0x00007ffeac170000 - 0x00007ffeac185000 	C:\Users\1020491006\.vscode\extensions\redhat.java-1.20.0-win32-x64\jre\17.0.7-win32-x86_64\bin\nio.dll
0x00007ffecee00000 - 0x00007ffecee18000 	C:\Windows\SYSTEM32\CRYPTSP.dll
0x00007ffece470000 - 0x00007ffece4a4000 	C:\Windows\system32\rsaenh.dll
0x00007ffecfd40000 - 0x00007ffecfd67000 	C:\Windows\System32\bcrypt.dll
0x00007ffecf340000 - 0x00007ffecf36e000 	C:\Windows\SYSTEM32\USERENV.dll
0x00007ffececc0000 - 0x00007ffececcc000 	C:\Windows\SYSTEM32\CRYPTBASE.dll
0x00007ffece7e0000 - 0x00007ffece81b000 	C:\Windows\SYSTEM32\IPHLPAPI.DLL
0x00007ffed0ce0000 - 0x00007ffed0ce8000 	C:\Windows\System32\NSI.dll
0x00007ffeca6c0000 - 0x00007ffeca6d7000 	C:\Windows\SYSTEM32\dhcpcsvc6.DLL
0x00007ffeca6a0000 - 0x00007ffeca6bd000 	C:\Windows\SYSTEM32\dhcpcsvc.DLL
0x00007ffece820000 - 0x00007ffece8ec000 	C:\Windows\SYSTEM32\DNSAPI.dll
0x00007ffeb0220000 - 0x00007ffeb0229000 	C:\Users\1020491006\.vscode\extensions\redhat.java-1.20.0-win32-x64\jre\17.0.7-win32-x86_64\bin\management.dll
0x00007ffeb00f0000 - 0x00007ffeb00fb000 	C:\Users\1020491006\.vscode\extensions\redhat.java-1.20.0-win32-x64\jre\17.0.7-win32-x86_64\bin\management_ext.dll
0x00007ffecffe0000 - 0x00007ffecffe8000 	C:\Windows\System32\PSAPI.DLL

dbghelp: loaded successfully - version: 4.0.5 - missing functions: none
symbol engine: initialized successfully - sym options: 0x614 - pdb path: .;c:\Users\1020491006\.vscode\extensions\redhat.java-1.20.0-win32-x64\jre\17.0.7-win32-x86_64\bin;C:\Windows\SYSTEM32;C:\Windows\WinSxS\amd64_microsoft.windows.common-controls_6595b64144ccf1df_6.0.19041.1110_none_60b5254171f9507e;c:\Users\1020491006\.vscode\extensions\redhat.java-1.20.0-win32-x64\jre\17.0.7-win32-x86_64\bin\server

VM Arguments:
jvm_args: -XX:+HeapDumpOnOutOfMemoryError -Xmx1024m -Dsts.lsp.client=vscode -Dsts.log.file=/dev/null -XX:TieredStopAtLevel=1 -Xlog:jni+resolve=off -Dspring.config.location=file:c:\Users\1020491006\.vscode\extensions\vmware.vscode-spring-boot-1.47.0\language-server\BOOT-INF\classes\application.properties 
java_command: org.springframework.ide.vscode.boot.app.BootLanguageServerBootApp
java_class_path (initial): c:\Users\1020491006\.vscode\extensions\vmware.vscode-spring-boot-1.47.0\language-server\BOOT-INF\classes;c:\Users\1020491006\.vscode\extensions\vmware.vscode-spring-boot-1.47.0\language-server\BOOT-INF\lib\annotations-24.0.1.jar;c:\Users\1020491006\.vscode\extensions\vmware.vscode-spring-boot-1.47.0\language-server\BOOT-INF\lib\antlr-runtime-3.5.3.jar;c:\Users\1020491006\.vscode\extensions\vmware.vscode-spring-boot-1.47.0\language-server\BOOT-INF\lib\antlr4-4.11.1.jar;c:\Users\1020491006\.vscode\extensions\vmware.vscode-spring-boot-1.47.0\language-server\BOOT-INF\lib\antlr4-runtime-4.11.1.jar;c:\Users\1020491006\.vscode\extensions\vmware.vscode-spring-boot-1.47.0\language-server\BOOT-INF\lib\aopalliance-1.0.jar;c:\Users\1020491006\.vscode\extensions\vmware.vscode-spring-boot-1.47.0\language-server\BOOT-INF\lib\asm-9.5.jar;c:\Users\1020491006\.vscode\extensions\vmware.vscode-spring-boot-1.47.0\language-server\BOOT-INF\lib\asm-analysis-9.5.jar;c:\Users\1020491006\.vscode\extensions\vmware.vscode-spring-boot-1.47.0\language-server\BOOT-INF\lib\asm-tree-9.5.jar;c:\Users\1020491006\.vscode\extensions\vmware.vscode-spring-boot-1.47.0\language-server\BOOT-INF\lib\asm-util-9.5.jar;c:\Users\1020491006\.vscode\extensions\vmware.vscode-spring-boot-1.47.0\language-server\BOOT-INF\lib\auto-common-1.2.1.jar;c:\Users\1020491006\.vscode\extensions\vmware.vscode-spring-boot-1.47.0\language-server\BOOT-INF\lib\auto-value-annotations-1.9.jar;c:\Users\1020491006\.vscode\extensions\vmware.vscode-spring-boot-1.47.0\language-server\BOOT-INF\lib\caffeine-3.1.2.jar;c:\Users\1020491006\.vscode\extensions\vmware.vscode-spring-boot-1.47.0\language-server\BOOT-INF\lib\checker-qual-3.12.0.jar;c:\Users\1020491006\.vscode\extensions\vmware.vscode-spring-boot-1.47.0\language-server\BOOT-INF\lib\classgraph-4.8.149.jar;c:\Users\1020491006\.vscode\extensions\vmware.vscode-spring-boot-1.47.0\language-server\BOOT-INF\lib\commons-codec-1.15.jar;c:\Users\1020491006\.vscode\ext
Launcher Type: SUN_STANDARD

[Global flags]
     intx CICompilerCount                          = 4                                         {product} {ergonomic}
     uint ConcGCThreads                            = 2                                         {product} {ergonomic}
     uint G1ConcRefinementThreads                  = 8                                         {product} {ergonomic}
   size_t G1HeapRegionSize                         = 1048576                                   {product} {ergonomic}
    uintx GCDrainStackTargetSize                   = 64                                        {product} {ergonomic}
     bool HeapDumpOnOutOfMemoryError               = true                                   {manageable} {command line}
   size_t InitialHeapSize                          = 132120576                                 {product} {ergonomic}
   size_t MarkStackSize                            = 4194304                                   {product} {ergonomic}
   size_t MaxHeapSize                              = 1073741824                                {product} {command line}
   size_t MaxNewSize                               = 643825664                                 {product} {ergonomic}
   size_t MinHeapDeltaBytes                        = 1048576                                   {product} {ergonomic}
   size_t MinHeapSize                              = 8388608                                   {product} {ergonomic}
    uintx NonProfiledCodeHeapSize                  = 0                                      {pd product} {ergonomic}
     bool ProfileInterpreter                       = false                                  {pd product} {command line}
    uintx ProfiledCodeHeapSize                     = 0                                      {pd product} {ergonomic}
   size_t SoftMaxHeapSize                          = 1073741824                             {manageable} {ergonomic}
     intx TieredStopAtLevel                        = 1                                         {product} {command line}
     bool UseCompressedClassPointers               = true                           {product lp64_product} {ergonomic}
     bool UseCompressedOops                        = true                           {product lp64_product} {ergonomic}
     bool UseG1GC                                  = true                                      {product} {ergonomic}
     bool UseLargePagesIndividualAllocation        = false                                  {pd product} {ergonomic}

Logging:
Log output configuration:
 #0: stdout all=warning,jni+resolve=off uptime,level,tags
 #1: stderr all=off uptime,level,tags

Environment Variables:
JAVA_HOME=C:\Program Files\Java\jdk-17.0.1
PATH=C:\Users\1020491006\AppData\Local\cloud-code\installer\google-cloud-sdk\bin;C:\Python311\Scripts\;C:\Python311\;C:\Python310\Scripts\;C:\Python310\;C:\Program Files\Eclipse Adoptium\jdk-17.0.3.7-hotspot\bin;C:\Program Files\Common Files\Oracle\Java\javapath;C:\Program Files (x86)\Common Files\Oracle\Java\javapath;C:\ProgramData\Oracle\Java\javapath;C:\oracle\ora11gR2\11.2.0.4\bin;C:\Windows\system32;C:\Windows;C:\Windows\System32\Wbem;C:\Windows\System32\WindowsPowerShell\v1.0\;C:\Windows\System32\OpenSSH\;C:\Program Files (x86)\Sybase\Shared\PowerBuilder\;C:\Program Files (x86)\Microsoft SQL Server\150\DTS\Binn\;C:\Program Files\Azure Data Studio\bin;C:\Program Files\Java\jdk-17.0.1\bin;C:\Program Files\Git\cmd;C:\Users\1103099800\AppData\Roaming\nvm;C:\version;;C:\Program Files\nodejs;C:\apache-maven-3.8.6\\bin;C:\ProgramData\chocolatey\bin;C:\Program Files\nodejs\;;C:\Program Files\Docker\Docker\resources\bin;C:\Program Files\PuTTY\;C:\Users\1020491006\AppData\Local\Microsoft\WindowsApps;C:\Users\1020491006\AppData\Local\Programs\Microsoft VS Code\bin;C:\Users\1020491006\AppData\Roaming\npm;C:\Users\1020491006\AppData\Local\gitkraken\bin;C:\Users\1020491006\AppData\Local\Google\Cloud SDK\google-cloud-sdk\bin;C:\Users\1020491006\AppData\Local\Google\Cloud SDK\google-cloud-sdk\bin;C:\Program Files (x86)\Google\Cloud SDK\google-cloud-sdk\bin;C:\Program Files\Google\Cloud SDK\google-cloud-sdk\bin
USERNAME=1020491006
OS=Windows_NT
PROCESSOR_IDENTIFIER=Intel64 Family 6 Model 142 Stepping 12, GenuineIntel
TMP=C:\Users\102049~1\AppData\Local\Temp
TEMP=C:\Users\102049~1\AppData\Local\Temp



---------------  S Y S T E M  ---------------

OS:
 Windows 10 , 64 bit Build 19041 (10.0.19041.1151)
OS uptime: 0 days 15:59 hours
Hyper-V role detected

CPU: total 8 (initial active 8) (4 cores per cpu, 2 threads per core) family 6 model 142 stepping 12 microcode 0xf0, cx8, cmov, fxsr, ht, mmx, 3dnowpref, sse, sse2, sse3, ssse3, sse4.1, sse4.2, popcnt, lzcnt, tsc, tscinvbit, avx, avx2, aes, erms, clmul, bmi1, bmi2, adx, fma, vzeroupper, clflush, clflushopt, hv

Memory: 4k page, system-wide physical 8029M (713M free)
TotalPageFile size 32605M (AvailPageFile size 198M)
current process WorkingSet (physical memory assigned to process): 145M, peak: 150M
current process commit charge ("private bytes"): 196M, peak: 232M

vm_info: OpenJDK 64-Bit Server VM (17.0.7+7) for windows-amd64 JRE (17.0.7+7), built on Apr 18 2023 22:10:42 by "temurin" with MS VC++ 16.7 (VS2019)

END.
